1747301957074:exit
1747304917990:status
1747306122527:Status
1747306126218:status
1747393418145:statrt
1747393419295:start
1747393457643:answer r
1747393460411:answer paris
1747393462628:answer 4
1747393465861:answer blue
1747393469509:next
1747561180609:help
1747561189947:start
1747561910044:help
1747561921252:save-game
1747736128395:start
1747737122174:answer paris
1747737180153:help
1747737195313:save-game
1747737209858:save-game 1
1747737227212:next
1747737230979:4
1747737239627:awser 4
1747737247124:awnser 4
1747737251421:help
1747737270171:answer 4
1747737938841:next
